2017-11-06 08:17:36.655+0000 INFO  ======== Neo4j 3.2.6 ========
2017-11-06 08:17:36.708+0000 INFO  Starting...
2017-11-06 08:17:43.215+0000 INFO  Bolt enabled on localhost:7472.
2017-11-06 08:17:51.756+0000 INFO  Started.
2017-11-06 08:17:53.049+0000 INFO  Remote interface available at http://localhost:7474/
2017-11-08 06:14:56.412+0000 ERROR Client triggered an unexpected error [UnknownError]: java.lang.NullPointerException, reference 5c804d52-dc65-4d93-a228-7d9f0cf40b18.
2017-11-08 06:15:01.473+0000 ERROR Client triggered an unexpected error [UnknownError]: java.lang.NullPointerException, reference d50be509-1315-4a95-8d68-1926300f20b5.
2017-11-08 06:48:59.154+0000 ERROR The RuntimeException could not be mapped to a response, re-throwing to the HTTP container Database has encountered some problem, please perform necessary action (tx recovery/restart)
org.neo4j.graphdb.TransactionFailureException: Database has encountered some problem, please perform necessary action (tx recovery/restart)
	at org.neo4j.kernel.impl.factory.ClassicCoreSPI.beginTransaction(ClassicCoreSPI.java:182)
	at org.neo4j.kernel.impl.factory.GraphDatabaseFacade.beginTransactionInternal(GraphDatabaseFacade.java:581)
	at org.neo4j.kernel.impl.factory.GraphDatabaseFacade.beginTransaction(GraphDatabaseFacade.java:384)
	at org.neo4j.server.rest.transactional.TransactionalRequestDispatcher.dispatch(TransactionalRequestDispatcher.java:63)
	at com.sun.jersey.server.impl.uri.rules.HttpMethodRule.accept(HttpMethodRule.java:302)
	at com.sun.jersey.server.impl.uri.rules.RightHandPathRule.accept(RightHandPathRule.java:147)
	at com.sun.jersey.server.impl.uri.rules.ResourceClassRule.accept(ResourceClassRule.java:108)
	at com.sun.jersey.server.impl.uri.rules.RightHandPathRule.accept(RightHandPathRule.java:147)
	at com.sun.jersey.server.impl.uri.rules.RootResourceClassesRule.accept(RootResourceClassesRule.java:84)
	at com.sun.jersey.server.impl.application.WebApplicationImpl._handleRequest(WebApplicationImpl.java:1542)
	at com.sun.jersey.server.impl.application.WebApplicationImpl._handleRequest(WebApplicationImpl.java:1473)
	at com.sun.jersey.server.impl.application.WebApplicationImpl.handleRequest(WebApplicationImpl.java:1419)
	at com.sun.jersey.server.impl.application.WebApplicationImpl.handleRequest(WebApplicationImpl.java:1409)
	at com.sun.jersey.spi.container.servlet.WebComponent.service(WebComponent.java:409)
	at com.sun.jersey.spi.container.servlet.ServletContainer.service(ServletContainer.java:558)
	at com.sun.jersey.spi.container.servlet.ServletContainer.service(ServletContainer.java:733)
	at javax.servlet.http.HttpServlet.service(HttpServlet.java:790)
	at org.eclipse.jetty.servlet.ServletHolder.handle(ServletHolder.java:812)
	at org.eclipse.jetty.servlet.ServletHandler$CachedChain.doFilter(ServletHandler.java:1669)
	at org.neo4j.server.rest.dbms.AuthorizationDisabledFilter.doFilter(AuthorizationDisabledFilter.java:49)
	at org.eclipse.jetty.servlet.ServletHandler$CachedChain.doFilter(ServletHandler.java:1652)
	at org.neo4j.server.rest.web.CollectUserAgentFilter.doFilter(CollectUserAgentFilter.java:69)
	at org.eclipse.jetty.servlet.ServletHandler$CachedChain.doFilter(ServletHandler.java:1652)
	at org.eclipse.jetty.servlet.ServletHandler.doHandle(ServletHandler.java:585)
	at org.eclipse.jetty.server.session.SessionHandler.doHandle(SessionHandler.java:221)
	at org.eclipse.jetty.server.handler.ContextHandler.doHandle(ContextHandler.java:1127)
	at org.eclipse.jetty.servlet.ServletHandler.doScope(ServletHandler.java:515)
	at org.eclipse.jetty.server.session.SessionHandler.doScope(SessionHandler.java:185)
	at org.eclipse.jetty.server.handler.ContextHandler.doScope(ContextHandler.java:1061)
	at org.eclipse.jetty.server.handler.ScopedHandler.handle(ScopedHandler.java:141)
	at org.eclipse.jetty.server.handler.HandlerList.handle(HandlerList.java:52)
	at org.eclipse.jetty.server.handler.HandlerWrapper.handle(HandlerWrapper.java:97)
	at org.eclipse.jetty.server.Server.handle(Server.java:499)
	at org.eclipse.jetty.server.HttpChannel.handle(HttpChannel.java:311)
	at org.eclipse.jetty.server.HttpConnection.onFillable(HttpConnection.java:258)
	at org.eclipse.jetty.io.AbstractConnection$2.run(AbstractConnection.java:544)
	at org.eclipse.jetty.util.thread.QueuedThreadPool.runJob(QueuedThreadPool.java:635)
	at org.eclipse.jetty.util.thread.QueuedThreadPool$3.run(QueuedThreadPool.java:555)
	at java.lang.Thread.run(Thread.java:748)
Caused by: org.neo4j.kernel.api.exceptions.TransactionFailureException: Database has encountered some problem, please perform necessary action (tx recovery/restart)
	at sun.reflect.NativeConstructorAccessorImpl.newInstance0(Native Method)
	at sun.reflect.NativeConstructorAccessorImpl.newInstance(NativeConstructorAccessorImpl.java:62)
	at sun.reflect.DelegatingConstructorAccessorImpl.newInstance(DelegatingConstructorAccessorImpl.java:45)
	at java.lang.reflect.Constructor.newInstance(Constructor.java:423)
	at org.neo4j.kernel.internal.DatabaseHealth.assertHealthy(DatabaseHealth.java:62)
	at org.neo4j.kernel.impl.api.Kernel.newTransaction(Kernel.java:90)
	at org.neo4j.kernel.impl.factory.ClassicCoreSPI.beginTransaction(ClassicCoreSPI.java:174)
	... 38 more
Caused by: org.neo4j.kernel.api.exceptions.TransactionApplyKernelException: Failed to apply transaction: null
	at org.neo4j.kernel.impl.storageengine.impl.recordstorage.RecordStorageEngine.apply(RecordStorageEngine.java:321)
	at org.neo4j.kernel.impl.api.TransactionRepresentationCommitProcess.applyToStore(TransactionRepresentationCommitProcess.java:78)
	at org.neo4j.kernel.impl.api.TransactionRepresentationCommitProcess.commit(TransactionRepresentationCommitProcess.java:51)
	at org.neo4j.kernel.impl.api.KernelTransactionImplementation.commit(KernelTransactionImplementation.java:589)
	at org.neo4j.kernel.impl.api.KernelTransactionImplementation.closeTransaction(KernelTransactionImplementation.java:460)
	at org.neo4j.kernel.api.KernelTransaction.close(KernelTransaction.java:138)
	at org.neo4j.server.rest.transactional.TransitionalTxManagementKernelTransaction.commit(TransitionalTxManagementKernelTransaction.java:97)
	at org.neo4j.server.rest.transactional.TransactionHandle.closeContextAndCollectErrors(TransactionHandle.java:250)
	at org.neo4j.server.rest.transactional.TransactionHandle.commit(TransactionHandle.java:158)
	at org.neo4j.server.rest.web.TransactionalService.lambda$executeStatementsAndCommit$1(TransactionalService.java:217)
	at com.sun.jersey.core.impl.provider.entity.StreamingOutputProvider.writeTo(StreamingOutputProvider.java:71)
	at com.sun.jersey.core.impl.provider.entity.StreamingOutputProvider.writeTo(StreamingOutputProvider.java:57)
	at com.sun.jersey.spi.container.ContainerResponse.write(ContainerResponse.java:302)
	at com.sun.jersey.server.impl.application.WebApplicationImpl._handleRequest(WebApplicationImpl.java:1510)
	... 28 more
Caused by: java.io.IOException: Failed to flush index updates
	at org.neo4j.kernel.impl.transaction.command.IndexBatchTransactionApplier.applyPendingLabelAndIndexUpdates(IndexBatchTransactionApplier.java:112)
	at org.neo4j.kernel.impl.transaction.command.IndexBatchTransactionApplier.close(IndexBatchTransactionApplier.java:121)
	at org.neo4j.kernel.impl.api.BatchTransactionApplierFacade.close(BatchTransactionApplierFacade.java:70)
	at org.neo4j.kernel.impl.storageengine.impl.recordstorage.RecordStorageEngine.apply(RecordStorageEngine.java:318)
	... 41 more
Caused by: java.util.concurrent.ExecutionException: org.neo4j.kernel.impl.store.UnderlyingStorageException: java.nio.file.NoSuchFileException: /Users/admin/shu/ruby/projects/test_for_git/campus_for_git/helloHeroku/campus/campusmap/db/neo4j/development/data/databases/graph.db/schema/index/lucene/1/1/write.lock
	at org.neo4j.concurrent.WorkSync.checkFailure(WorkSync.java:135)
	at org.neo4j.concurrent.WorkSync.apply(WorkSync.java:91)
	at org.neo4j.kernel.impl.transaction.command.IndexBatchTransactionApplier.applyPendingLabelAndIndexUpdates(IndexBatchTransactionApplier.java:108)
	... 44 more
Caused by: org.neo4j.kernel.impl.store.UnderlyingStorageException: java.nio.file.NoSuchFileException: /Users/admin/shu/ruby/projects/test_for_git/campus_for_git/helloHeroku/campus/campusmap/db/neo4j/development/data/databases/graph.db/schema/index/lucene/1/1/write.lock
	at org.neo4j.kernel.impl.transaction.command.IndexUpdatesWork.apply(IndexUpdatesWork.java:68)
	at org.neo4j.kernel.impl.transaction.command.IndexUpdatesWork.apply(IndexUpdatesWork.java:43)
	at org.neo4j.concurrent.WorkSync.doSynchronizedWork(WorkSync.java:184)
	at org.neo4j.concurrent.WorkSync.tryDoWork(WorkSync.java:110)
	... 46 more
Caused by: java.nio.file.NoSuchFileException: /Users/admin/shu/ruby/projects/test_for_git/campus_for_git/helloHeroku/campus/campusmap/db/neo4j/development/data/databases/graph.db/schema/index/lucene/1/1/write.lock
	at sun.nio.fs.UnixException.translateToIOException(UnixException.java:86)
	at sun.nio.fs.UnixException.rethrowAsIOException(UnixException.java:102)
	at sun.nio.fs.UnixException.rethrowAsIOException(UnixException.java:107)
	at sun.nio.fs.UnixFileAttributeViews$Basic.readAttributes(UnixFileAttributeViews.java:55)
	at sun.nio.fs.UnixFileSystemProvider.readAttributes(UnixFileSystemProvider.java:144)
	at java.nio.file.Files.readAttributes(Files.java:1737)
	at org.apache.lucene.store.NativeFSLockFactory$NativeFSLock.ensureValid(NativeFSLockFactory.java:177)
	at org.apache.lucene.store.LockValidatingDirectoryWrapper.createOutput(LockValidatingDirectoryWrapper.java:43)
	at org.apache.lucene.store.TrackingDirectoryWrapper.createOutput(TrackingDirectoryWrapper.java:43)
	at org.apache.lucene.codecs.compressing.CompressingStoredFieldsWriter.<init>(CompressingStoredFieldsWriter.java:108)
	at org.apache.lucene.codecs.compressing.CompressingStoredFieldsFormat.fieldsWriter(CompressingStoredFieldsFormat.java:128)
	at org.apache.lucene.codecs.lucene50.Lucene50StoredFieldsFormat.fieldsWriter(Lucene50StoredFieldsFormat.java:183)
	at org.apache.lucene.index.DefaultIndexingChain.initStoredFieldsWriter(DefaultIndexingChain.java:81)
	at org.apache.lucene.index.DefaultIndexingChain.startStoredFields(DefaultIndexingChain.java:279)
	at org.apache.lucene.index.DefaultIndexingChain.processDocument(DefaultIndexingChain.java:316)
	at org.apache.lucene.index.DocumentsWriterPerThread.updateDocument(DocumentsWriterPerThread.java:234)
	at org.apache.lucene.index.DocumentsWriter.updateDocument(DocumentsWriter.java:450)
	at org.apache.lucene.index.IndexWriter.updateDocument(IndexWriter.java:1477)
	at org.neo4j.kernel.api.impl.schema.writer.PartitionedIndexWriter.updateDocument(PartitionedIndexWriter.java:73)
	at org.neo4j.kernel.api.impl.schema.LuceneIndexAccessor$LuceneIndexUpdater.addRecovered(LuceneIndexAccessor.java:188)
	at org.neo4j.kernel.api.impl.schema.LuceneIndexAccessor$LuceneIndexUpdater.process(LuceneIndexAccessor.java:151)
	at org.neo4j.kernel.impl.api.index.updater.UpdateCountingIndexUpdater.process(UpdateCountingIndexUpdater.java:47)
	at org.neo4j.kernel.impl.api.index.updater.DelegatingIndexUpdater.process(DelegatingIndexUpdater.java:41)
	at org.neo4j.kernel.impl.api.index.updater.DelegatingIndexUpdater.process(DelegatingIndexUpdater.java:41)
	at org.neo4j.kernel.impl.api.index.IndexingService.processUpdate(IndexingService.java:556)
	at org.neo4j.kernel.impl.api.index.IndexingService.apply(IndexingService.java:442)
	at org.neo4j.kernel.impl.api.index.IndexingService.apply(IndexingService.java:426)
	at org.neo4j.kernel.impl.transaction.command.IndexUpdatesWork.apply(IndexUpdatesWork.java:64)
	... 49 more
	Suppressed: org.apache.lucene.store.AlreadyClosedException: this IndexWriter is closed
		at org.apache.lucene.index.IndexWriter.ensureOpen(IndexWriter.java:720)
		at org.apache.lucene.index.IndexWriter.ensureOpen(IndexWriter.java:734)
		at org.apache.lucene.index.IndexWriter.nrtIsCurrent(IndexWriter.java:4591)
		at org.apache.lucene.index.StandardDirectoryReader.doOpenFromWriter(StandardDirectoryReader.java:282)
		at org.apache.lucene.index.StandardDirectoryReader.doOpenIfChanged(StandardDirectoryReader.java:261)
		at org.apache.lucene.index.StandardDirectoryReader.doOpenIfChanged(StandardDirectoryReader.java:251)
		at org.apache.lucene.index.DirectoryReader.openIfChanged(DirectoryReader.java:137)
		at org.apache.lucene.search.SearcherManager.refreshIfNeeded(SearcherManager.java:154)
		at org.apache.lucene.search.SearcherManager.refreshIfNeeded(SearcherManager.java:58)
		at org.apache.lucene.search.ReferenceManager.doMaybeRefresh(ReferenceManager.java:176)
		at org.apache.lucene.search.ReferenceManager.maybeRefreshBlocking(ReferenceManager.java:253)
		at org.neo4j.kernel.api.impl.index.partition.WritableIndexPartition.maybeRefreshBlocking(WritableIndexPartition.java:76)
		at org.neo4j.kernel.api.impl.index.AbstractLuceneIndex.maybeRefreshPartition(AbstractLuceneIndex.java:309)
		at java.util.stream.ForEachOps$ForEachOp$OfRef.accept(ForEachOps.java:184)
		at java.util.Spliterators$ArraySpliterator.forEachRemaining(Spliterators.java:948)
		at java.util.stream.AbstractPipeline.copyInto(AbstractPipeline.java:481)
		at java.util.stream.ForEachOps$ForEachTask.compute(ForEachOps.java:291)
		at java.util.concurrent.CountedCompleter.exec(CountedCompleter.java:731)
		at java.util.concurrent.ForkJoinTask.doExec(ForkJoinTask.java:289)
		at java.util.concurrent.ForkJoinTask.doInvoke(ForkJoinTask.java:401)
		at java.util.concurrent.ForkJoinTask.invoke(ForkJoinTask.java:734)
		at java.util.stream.ForEachOps$ForEachOp.evaluateParallel(ForEachOps.java:160)
		at java.util.stream.ForEachOps$ForEachOp$OfRef.evaluateParallel(ForEachOps.java:174)
		at java.util.stream.AbstractPipeline.evaluate(AbstractPipeline.java:233)
		at java.util.stream.ReferencePipeline.forEach(ReferencePipeline.java:418)
		at java.util.stream.ReferencePipeline$Head.forEach(ReferencePipeline.java:583)
		at org.neo4j.kernel.api.impl.index.AbstractLuceneIndex.maybeRefreshBlocking(AbstractLuceneIndex.java:297)
		at org.neo4j.kernel.api.impl.index.WritableAbstractDatabaseIndex.maybeRefreshBlocking(WritableAbstractDatabaseIndex.java:184)
		at org.neo4j.kernel.api.impl.schema.LuceneIndexAccessor$LuceneIndexUpdater.close(LuceneIndexAccessor.java:172)
		at org.neo4j.kernel.impl.api.index.updater.UpdateCountingIndexUpdater.close(UpdateCountingIndexUpdater.java:54)
		at org.neo4j.kernel.impl.api.index.FlippableIndexProxy$LockingIndexUpdater.close(FlippableIndexProxy.java:459)
		at org.neo4j.kernel.impl.api.index.ContractCheckingIndexProxy$1.close(ContractCheckingIndexProxy.java:106)
		at org.neo4j.kernel.impl.api.index.IndexUpdaterMap.close(IndexUpdaterMap.java:86)
		at org.neo4j.kernel.impl.api.index.IndexingService.apply(IndexingService.java:444)
		... 51 more
	[CIRCULAR REFERENCE:java.nio.file.NoSuchFileException: /Users/admin/shu/ruby/projects/test_for_git/campus_for_git/helloHeroku/campus/campusmap/db/neo4j/development/data/databases/graph.db/schema/index/lucene/1/1/write.lock]
2017-11-08 06:48:59.155+0000 WARN  /db/data/schema/constraint Database has encountered some problem, please perform necessary action (tx recovery/restart)
org.neo4j.graphdb.TransactionFailureException: Database has encountered some problem, please perform necessary action (tx recovery/restart)
	at org.neo4j.kernel.impl.factory.ClassicCoreSPI.beginTransaction(ClassicCoreSPI.java:182)
	at org.neo4j.kernel.impl.factory.GraphDatabaseFacade.beginTransactionInternal(GraphDatabaseFacade.java:581)
	at org.neo4j.kernel.impl.factory.GraphDatabaseFacade.beginTransaction(GraphDatabaseFacade.java:384)
	at org.neo4j.server.rest.transactional.TransactionalRequestDispatcher.dispatch(TransactionalRequestDispatcher.java:63)
	at com.sun.jersey.server.impl.uri.rules.HttpMethodRule.accept(HttpMethodRule.java:302)
	at com.sun.jersey.server.impl.uri.rules.RightHandPathRule.accept(RightHandPathRule.java:147)
	at com.sun.jersey.server.impl.uri.rules.ResourceClassRule.accept(ResourceClassRule.java:108)
	at com.sun.jersey.server.impl.uri.rules.RightHandPathRule.accept(RightHandPathRule.java:147)
	at com.sun.jersey.server.impl.uri.rules.RootResourceClassesRule.accept(RootResourceClassesRule.java:84)
	at com.sun.jersey.server.impl.application.WebApplicationImpl._handleRequest(WebApplicationImpl.java:1542)
	at com.sun.jersey.server.impl.application.WebApplicationImpl._handleRequest(WebApplicationImpl.java:1473)
	at com.sun.jersey.server.impl.application.WebApplicationImpl.handleRequest(WebApplicationImpl.java:1419)
	at com.sun.jersey.server.impl.application.WebApplicationImpl.handleRequest(WebApplicationImpl.java:1409)
	at com.sun.jersey.spi.container.servlet.WebComponent.service(WebComponent.java:409)
	at com.sun.jersey.spi.container.servlet.ServletContainer.service(ServletContainer.java:558)
	at com.sun.jersey.spi.container.servlet.ServletContainer.service(ServletContainer.java:733)
	at javax.servlet.http.HttpServlet.service(HttpServlet.java:790)
	at org.eclipse.jetty.servlet.ServletHolder.handle(ServletHolder.java:812)
	at org.eclipse.jetty.servlet.ServletHandler$CachedChain.doFilter(ServletHandler.java:1669)
	at org.neo4j.server.rest.dbms.AuthorizationDisabledFilter.doFilter(AuthorizationDisabledFilter.java:49)
	at org.eclipse.jetty.servlet.ServletHandler$CachedChain.doFilter(ServletHandler.java:1652)
	at org.neo4j.server.rest.web.CollectUserAgentFilter.doFilter(CollectUserAgentFilter.java:69)
	at org.eclipse.jetty.servlet.ServletHandler$CachedChain.doFilter(ServletHandler.java:1652)
	at org.eclipse.jetty.servlet.ServletHandler.doHandle(ServletHandler.java:585)
	at org.eclipse.jetty.server.session.SessionHandler.doHandle(SessionHandler.java:221)
	at org.eclipse.jetty.server.handler.ContextHandler.doHandle(ContextHandler.java:1127)
	at org.eclipse.jetty.servlet.ServletHandler.doScope(ServletHandler.java:515)
	at org.eclipse.jetty.server.session.SessionHandler.doScope(SessionHandler.java:185)
	at org.eclipse.jetty.server.handler.ContextHandler.doScope(ContextHandler.java:1061)
	at org.eclipse.jetty.server.handler.ScopedHandler.handle(ScopedHandler.java:141)
	at org.eclipse.jetty.server.handler.HandlerList.handle(HandlerList.java:52)
	at org.eclipse.jetty.server.handler.HandlerWrapper.handle(HandlerWrapper.java:97)
	at org.eclipse.jetty.server.Server.handle(Server.java:499)
	at org.eclipse.jetty.server.HttpChannel.handle(HttpChannel.java:311)
	at org.eclipse.jetty.server.HttpConnection.onFillable(HttpConnection.java:258)
	at org.eclipse.jetty.io.AbstractConnection$2.run(AbstractConnection.java:544)
	at org.eclipse.jetty.util.thread.QueuedThreadPool.runJob(QueuedThreadPool.java:635)
	at org.eclipse.jetty.util.thread.QueuedThreadPool$3.run(QueuedThreadPool.java:555)
	at java.lang.Thread.run(Thread.java:748)
Caused by: org.neo4j.kernel.api.exceptions.TransactionFailureException: Database has encountered some problem, please perform necessary action (tx recovery/restart)
	at sun.reflect.NativeConstructorAccessorImpl.newInstance0(Native Method)
	at sun.reflect.NativeConstructorAccessorImpl.newInstance(NativeConstructorAccessorImpl.java:62)
	at sun.reflect.DelegatingConstructorAccessorImpl.newInstance(DelegatingConstructorAccessorImpl.java:45)
	at java.lang.reflect.Constructor.newInstance(Constructor.java:423)
	at org.neo4j.kernel.internal.DatabaseHealth.assertHealthy(DatabaseHealth.java:62)
	at org.neo4j.kernel.impl.api.Kernel.newTransaction(Kernel.java:90)
	at org.neo4j.kernel.impl.factory.ClassicCoreSPI.beginTransaction(ClassicCoreSPI.java:174)
	... 38 more
Caused by: org.neo4j.kernel.api.exceptions.TransactionApplyKernelException: Failed to apply transaction: null
	at org.neo4j.kernel.impl.storageengine.impl.recordstorage.RecordStorageEngine.apply(RecordStorageEngine.java:321)
	at org.neo4j.kernel.impl.api.TransactionRepresentationCommitProcess.applyToStore(TransactionRepresentationCommitProcess.java:78)
	at org.neo4j.kernel.impl.api.TransactionRepresentationCommitProcess.commit(TransactionRepresentationCommitProcess.java:51)
	at org.neo4j.kernel.impl.api.KernelTransactionImplementation.commit(KernelTransactionImplementation.java:589)
	at org.neo4j.kernel.impl.api.KernelTransactionImplementation.closeTransaction(KernelTransactionImplementation.java:460)
	at org.neo4j.kernel.api.KernelTransaction.close(KernelTransaction.java:138)
	at org.neo4j.server.rest.transactional.TransitionalTxManagementKernelTransaction.commit(TransitionalTxManagementKernelTransaction.java:97)
	at org.neo4j.server.rest.transactional.TransactionHandle.closeContextAndCollectErrors(TransactionHandle.java:250)
	at org.neo4j.server.rest.transactional.TransactionHandle.commit(TransactionHandle.java:158)
	at org.neo4j.server.rest.web.TransactionalService.lambda$executeStatementsAndCommit$1(TransactionalService.java:217)
	at com.sun.jersey.core.impl.provider.entity.StreamingOutputProvider.writeTo(StreamingOutputProvider.java:71)
	at com.sun.jersey.core.impl.provider.entity.StreamingOutputProvider.writeTo(StreamingOutputProvider.java:57)
	at com.sun.jersey.spi.container.ContainerResponse.write(ContainerResponse.java:302)
	at com.sun.jersey.server.impl.application.WebApplicationImpl._handleRequest(WebApplicationImpl.java:1510)
	... 28 more
Caused by: java.io.IOException: Failed to flush index updates
	at org.neo4j.kernel.impl.transaction.command.IndexBatchTransactionApplier.applyPendingLabelAndIndexUpdates(IndexBatchTransactionApplier.java:112)
	at org.neo4j.kernel.impl.transaction.command.IndexBatchTransactionApplier.close(IndexBatchTransactionApplier.java:121)
	at org.neo4j.kernel.impl.api.BatchTransactionApplierFacade.close(BatchTransactionApplierFacade.java:70)
	at org.neo4j.kernel.impl.storageengine.impl.recordstorage.RecordStorageEngine.apply(RecordStorageEngine.java:318)
	... 41 more
Caused by: java.util.concurrent.ExecutionException: org.neo4j.kernel.impl.store.UnderlyingStorageException: java.nio.file.NoSuchFileException: /Users/admin/shu/ruby/projects/test_for_git/campus_for_git/helloHeroku/campus/campusmap/db/neo4j/development/data/databases/graph.db/schema/index/lucene/1/1/write.lock
	at org.neo4j.concurrent.WorkSync.checkFailure(WorkSync.java:135)
	at org.neo4j.concurrent.WorkSync.apply(WorkSync.java:91)
	at org.neo4j.kernel.impl.transaction.command.IndexBatchTransactionApplier.applyPendingLabelAndIndexUpdates(IndexBatchTransactionApplier.java:108)
	... 44 more
Caused by: org.neo4j.kernel.impl.store.UnderlyingStorageException: java.nio.file.NoSuchFileException: /Users/admin/shu/ruby/projects/test_for_git/campus_for_git/helloHeroku/campus/campusmap/db/neo4j/development/data/databases/graph.db/schema/index/lucene/1/1/write.lock
	at org.neo4j.kernel.impl.transaction.command.IndexUpdatesWork.apply(IndexUpdatesWork.java:68)
	at org.neo4j.kernel.impl.transaction.command.IndexUpdatesWork.apply(IndexUpdatesWork.java:43)
	at org.neo4j.concurrent.WorkSync.doSynchronizedWork(WorkSync.java:184)
	at org.neo4j.concurrent.WorkSync.tryDoWork(WorkSync.java:110)
	... 46 more
Caused by: java.nio.file.NoSuchFileException: /Users/admin/shu/ruby/projects/test_for_git/campus_for_git/helloHeroku/campus/campusmap/db/neo4j/development/data/databases/graph.db/schema/index/lucene/1/1/write.lock
	at sun.nio.fs.UnixException.translateToIOException(UnixException.java:86)
	at sun.nio.fs.UnixException.rethrowAsIOException(UnixException.java:102)
	at sun.nio.fs.UnixException.rethrowAsIOException(UnixException.java:107)
	at sun.nio.fs.UnixFileAttributeViews$Basic.readAttributes(UnixFileAttributeViews.java:55)
	at sun.nio.fs.UnixFileSystemProvider.readAttributes(UnixFileSystemProvider.java:144)
	at java.nio.file.Files.readAttributes(Files.java:1737)
	at org.apache.lucene.store.NativeFSLockFactory$NativeFSLock.ensureValid(NativeFSLockFactory.java:177)
	at org.apache.lucene.store.LockValidatingDirectoryWrapper.createOutput(LockValidatingDirectoryWrapper.java:43)
	at org.apache.lucene.store.TrackingDirectoryWrapper.createOutput(TrackingDirectoryWrapper.java:43)
	at org.apache.lucene.codecs.compressing.CompressingStoredFieldsWriter.<init>(CompressingStoredFieldsWriter.java:108)
	at org.apache.lucene.codecs.compressing.CompressingStoredFieldsFormat.fieldsWriter(CompressingStoredFieldsFormat.java:128)
	at org.apache.lucene.codecs.lucene50.Lucene50StoredFieldsFormat.fieldsWriter(Lucene50StoredFieldsFormat.java:183)
	at org.apache.lucene.index.DefaultIndexingChain.initStoredFieldsWriter(DefaultIndexingChain.java:81)
	at org.apache.lucene.index.DefaultIndexingChain.startStoredFields(DefaultIndexingChain.java:279)
	at org.apache.lucene.index.DefaultIndexingChain.processDocument(DefaultIndexingChain.java:316)
	at org.apache.lucene.index.DocumentsWriterPerThread.updateDocument(DocumentsWriterPerThread.java:234)
	at org.apache.lucene.index.DocumentsWriter.updateDocument(DocumentsWriter.java:450)
	at org.apache.lucene.index.IndexWriter.updateDocument(IndexWriter.java:1477)
	at org.neo4j.kernel.api.impl.schema.writer.PartitionedIndexWriter.updateDocument(PartitionedIndexWriter.java:73)
	at org.neo4j.kernel.api.impl.schema.LuceneIndexAccessor$LuceneIndexUpdater.addRecovered(LuceneIndexAccessor.java:188)
	at org.neo4j.kernel.api.impl.schema.LuceneIndexAccessor$LuceneIndexUpdater.process(LuceneIndexAccessor.java:151)
	at org.neo4j.kernel.impl.api.index.updater.UpdateCountingIndexUpdater.process(UpdateCountingIndexUpdater.java:47)
	at org.neo4j.kernel.impl.api.index.updater.DelegatingIndexUpdater.process(DelegatingIndexUpdater.java:41)
	at org.neo4j.kernel.impl.api.index.updater.DelegatingIndexUpdater.process(DelegatingIndexUpdater.java:41)
	at org.neo4j.kernel.impl.api.index.IndexingService.processUpdate(IndexingService.java:556)
	at org.neo4j.kernel.impl.api.index.IndexingService.apply(IndexingService.java:442)
	at org.neo4j.kernel.impl.api.index.IndexingService.apply(IndexingService.java:426)
	at org.neo4j.kernel.impl.transaction.command.IndexUpdatesWork.apply(IndexUpdatesWork.java:64)
	... 49 more
	Suppressed: org.apache.lucene.store.AlreadyClosedException: this IndexWriter is closed
		at org.apache.lucene.index.IndexWriter.ensureOpen(IndexWriter.java:720)
		at org.apache.lucene.index.IndexWriter.ensureOpen(IndexWriter.java:734)
		at org.apache.lucene.index.IndexWriter.nrtIsCurrent(IndexWriter.java:4591)
		at org.apache.lucene.index.StandardDirectoryReader.doOpenFromWriter(StandardDirectoryReader.java:282)
		at org.apache.lucene.index.StandardDirectoryReader.doOpenIfChanged(StandardDirectoryReader.java:261)
		at org.apache.lucene.index.StandardDirectoryReader.doOpenIfChanged(StandardDirectoryReader.java:251)
		at org.apache.lucene.index.DirectoryReader.openIfChanged(DirectoryReader.java:137)
		at org.apache.lucene.search.SearcherManager.refreshIfNeeded(SearcherManager.java:154)
		at org.apache.lucene.search.SearcherManager.refreshIfNeeded(SearcherManager.java:58)
		at org.apache.lucene.search.ReferenceManager.doMaybeRefresh(ReferenceManager.java:176)
		at org.apache.lucene.search.ReferenceManager.maybeRefreshBlocking(ReferenceManager.java:253)
		at org.neo4j.kernel.api.impl.index.partition.WritableIndexPartition.maybeRefreshBlocking(WritableIndexPartition.java:76)
		at org.neo4j.kernel.api.impl.index.AbstractLuceneIndex.maybeRefreshPartition(AbstractLuceneIndex.java:309)
		at java.util.stream.ForEachOps$ForEachOp$OfRef.accept(ForEachOps.java:184)
		at java.util.Spliterators$ArraySpliterator.forEachRemaining(Spliterators.java:948)
		at java.util.stream.AbstractPipeline.copyInto(AbstractPipeline.java:481)
		at java.util.stream.ForEachOps$ForEachTask.compute(ForEachOps.java:291)
		at java.util.concurrent.CountedCompleter.exec(CountedCompleter.java:731)
		at java.util.concurrent.ForkJoinTask.doExec(ForkJoinTask.java:289)
		at java.util.concurrent.ForkJoinTask.doInvoke(ForkJoinTask.java:401)
		at java.util.concurrent.ForkJoinTask.invoke(ForkJoinTask.java:734)
		at java.util.stream.ForEachOps$ForEachOp.evaluateParallel(ForEachOps.java:160)
		at java.util.stream.ForEachOps$ForEachOp$OfRef.evaluateParallel(ForEachOps.java:174)
		at java.util.stream.AbstractPipeline.evaluate(AbstractPipeline.java:233)
		at java.util.stream.ReferencePipeline.forEach(ReferencePipeline.java:418)
		at java.util.stream.ReferencePipeline$Head.forEach(ReferencePipeline.java:583)
		at org.neo4j.kernel.api.impl.index.AbstractLuceneIndex.maybeRefreshBlocking(AbstractLuceneIndex.java:297)
		at org.neo4j.kernel.api.impl.index.WritableAbstractDatabaseIndex.maybeRefreshBlocking(WritableAbstractDatabaseIndex.java:184)
		at org.neo4j.kernel.api.impl.schema.LuceneIndexAccessor$LuceneIndexUpdater.close(LuceneIndexAccessor.java:172)
		at org.neo4j.kernel.impl.api.index.updater.UpdateCountingIndexUpdater.close(UpdateCountingIndexUpdater.java:54)
		at org.neo4j.kernel.impl.api.index.FlippableIndexProxy$LockingIndexUpdater.close(FlippableIndexProxy.java:459)
		at org.neo4j.kernel.impl.api.index.ContractCheckingIndexProxy$1.close(ContractCheckingIndexProxy.java:106)
		at org.neo4j.kernel.impl.api.index.IndexUpdaterMap.close(IndexUpdaterMap.java:86)
		at org.neo4j.kernel.impl.api.index.IndexingService.apply(IndexingService.java:444)
		... 51 more
	[CIRCULAR REFERENCE:java.nio.file.NoSuchFileException: /Users/admin/shu/ruby/projects/test_for_git/campus_for_git/helloHeroku/campus/campusmap/db/neo4j/development/data/databases/graph.db/schema/index/lucene/1/1/write.lock]
2017-11-08 06:48:59.163+0000 ERROR Failed to start transaction. Database has encountered some problem, please perform necessary action (tx recovery/restart)
org.neo4j.graphdb.TransactionFailureException: Database has encountered some problem, please perform necessary action (tx recovery/restart)
	at org.neo4j.kernel.impl.factory.ClassicCoreSPI.beginTransaction(ClassicCoreSPI.java:182)
	at org.neo4j.kernel.impl.factory.GraphDatabaseFacade.beginTransactionInternal(GraphDatabaseFacade.java:581)
	at org.neo4j.kernel.impl.factory.GraphDatabaseFacade.beginTransaction(GraphDatabaseFacade.java:384)
	at org.neo4j.server.rest.transactional.TransitionalTxManagementKernelTransaction.startTransaction(TransitionalTxManagementKernelTransaction.java:123)
	at org.neo4j.server.rest.transactional.TransitionalTxManagementKernelTransaction.<init>(TransitionalTxManagementKernelTransaction.java:51)
	at org.neo4j.server.rest.transactional.TransitionalPeriodTransactionMessContainer.newTransaction(TransitionalPeriodTransactionMessContainer.java:54)
	at org.neo4j.server.rest.transactional.TransactionHandle.ensureActiveTransaction(TransactionHandle.java:213)
	at org.neo4j.server.rest.transactional.TransactionHandle.execute(TransactionHandle.java:118)
	at org.neo4j.server.rest.web.TransactionalService.lambda$executeStatements$0(TransactionalService.java:203)
	at com.sun.jersey.core.impl.provider.entity.StreamingOutputProvider.writeTo(StreamingOutputProvider.java:71)
	at com.sun.jersey.core.impl.provider.entity.StreamingOutputProvider.writeTo(StreamingOutputProvider.java:57)
	at com.sun.jersey.spi.container.ContainerResponse.write(ContainerResponse.java:302)
	at com.sun.jersey.server.impl.application.WebApplicationImpl._handleRequest(WebApplicationImpl.java:1510)
	at com.sun.jersey.server.impl.application.WebApplicationImpl.handleRequest(WebApplicationImpl.java:1419)
	at com.sun.jersey.server.impl.application.WebApplicationImpl.handleRequest(WebApplicationImpl.java:1409)
	at com.sun.jersey.spi.container.servlet.WebComponent.service(WebComponent.java:409)
	at com.sun.jersey.spi.container.servlet.ServletContainer.service(ServletContainer.java:558)
	at com.sun.jersey.spi.container.servlet.ServletContainer.service(ServletContainer.java:733)
	at javax.servlet.http.HttpServlet.service(HttpServlet.java:790)
	at org.eclipse.jetty.servlet.ServletHolder.handle(ServletHolder.java:812)
	at org.eclipse.jetty.servlet.ServletHandler$CachedChain.doFilter(ServletHandler.java:1669)
	at org.neo4j.server.rest.dbms.AuthorizationDisabledFilter.doFilter(AuthorizationDisabledFilter.java:49)
	at org.eclipse.jetty.servlet.ServletHandler$CachedChain.doFilter(ServletHandler.java:1652)
	at org.neo4j.server.rest.web.CollectUserAgentFilter.doFilter(CollectUserAgentFilter.java:69)
	at org.eclipse.jetty.servlet.ServletHandler$CachedChain.doFilter(ServletHandler.java:1652)
	at org.eclipse.jetty.servlet.ServletHandler.doHandle(ServletHandler.java:585)
	at org.eclipse.jetty.server.session.SessionHandler.doHandle(SessionHandler.java:221)
	at org.eclipse.jetty.server.handler.ContextHandler.doHandle(ContextHandler.java:1127)
	at org.eclipse.jetty.servlet.ServletHandler.doScope(ServletHandler.java:515)
	at org.eclipse.jetty.server.session.SessionHandler.doScope(SessionHandler.java:185)
	at org.eclipse.jetty.server.handler.ContextHandler.doScope(ContextHandler.java:1061)
	at org.eclipse.jetty.server.handler.ScopedHandler.handle(ScopedHandler.java:141)
	at org.eclipse.jetty.server.handler.HandlerList.handle(HandlerList.java:52)
	at org.eclipse.jetty.server.handler.HandlerWrapper.handle(HandlerWrapper.java:97)
	at org.eclipse.jetty.server.Server.handle(Server.java:499)
	at org.eclipse.jetty.server.HttpChannel.handle(HttpChannel.java:311)
	at org.eclipse.jetty.server.HttpConnection.onFillable(HttpConnection.java:258)
	at org.eclipse.jetty.io.AbstractConnection$2.run(AbstractConnection.java:544)
	at org.eclipse.jetty.util.thread.QueuedThreadPool.runJob(QueuedThreadPool.java:635)
	at org.eclipse.jetty.util.thread.QueuedThreadPool$3.run(QueuedThreadPool.java:555)
	at java.lang.Thread.run(Thread.java:748)
Caused by: org.neo4j.kernel.api.exceptions.TransactionFailureException: Database has encountered some problem, please perform necessary action (tx recovery/restart)
	at sun.reflect.NativeConstructorAccessorImpl.newInstance0(Native Method)
	at sun.reflect.NativeConstructorAccessorImpl.newInstance(NativeConstructorAccessorImpl.java:62)
	at sun.reflect.DelegatingConstructorAccessorImpl.newInstance(DelegatingConstructorAccessorImpl.java:45)
	at java.lang.reflect.Constructor.newInstance(Constructor.java:423)
	at org.neo4j.kernel.internal.DatabaseHealth.assertHealthy(DatabaseHealth.java:62)
	at org.neo4j.kernel.impl.api.Kernel.newTransaction(Kernel.java:90)
	at org.neo4j.kernel.impl.factory.ClassicCoreSPI.beginTransaction(ClassicCoreSPI.java:174)
	... 40 more
Caused by: org.neo4j.kernel.api.exceptions.TransactionApplyKernelException: Failed to apply transaction: null
	at org.neo4j.kernel.impl.storageengine.impl.recordstorage.RecordStorageEngine.apply(RecordStorageEngine.java:321)
	at org.neo4j.kernel.impl.api.TransactionRepresentationCommitProcess.applyToStore(TransactionRepresentationCommitProcess.java:78)
	at org.neo4j.kernel.impl.api.TransactionRepresentationCommitProcess.commit(TransactionRepresentationCommitProcess.java:51)
	at org.neo4j.kernel.impl.api.KernelTransactionImplementation.commit(KernelTransactionImplementation.java:589)
	at org.neo4j.kernel.impl.api.KernelTransactionImplementation.closeTransaction(KernelTransactionImplementation.java:460)
	at org.neo4j.kernel.api.KernelTransaction.close(KernelTransaction.java:138)
	at org.neo4j.server.rest.transactional.TransitionalTxManagementKernelTransaction.commit(TransitionalTxManagementKernelTransaction.java:97)
	at org.neo4j.server.rest.transactional.TransactionHandle.closeContextAndCollectErrors(TransactionHandle.java:250)
	at org.neo4j.server.rest.transactional.TransactionHandle.commit(TransactionHandle.java:158)
	at org.neo4j.server.rest.web.TransactionalService.lambda$executeStatementsAndCommit$1(TransactionalService.java:217)
	... 32 more
Caused by: java.io.IOException: Failed to flush index updates
	at org.neo4j.kernel.impl.transaction.command.IndexBatchTransactionApplier.applyPendingLabelAndIndexUpdates(IndexBatchTransactionApplier.java:112)
	at org.neo4j.kernel.impl.transaction.command.IndexBatchTransactionApplier.close(IndexBatchTransactionApplier.java:121)
	at org.neo4j.kernel.impl.api.BatchTransactionApplierFacade.close(BatchTransactionApplierFacade.java:70)
	at org.neo4j.kernel.impl.storageengine.impl.recordstorage.RecordStorageEngine.apply(RecordStorageEngine.java:318)
	... 41 more
Caused by: java.util.concurrent.ExecutionException: org.neo4j.kernel.impl.store.UnderlyingStorageException: java.nio.file.NoSuchFileException: /Users/admin/shu/ruby/projects/test_for_git/campus_for_git/helloHeroku/campus/campusmap/db/neo4j/development/data/databases/graph.db/schema/index/lucene/1/1/write.lock
	at org.neo4j.concurrent.WorkSync.checkFailure(WorkSync.java:135)
	at org.neo4j.concurrent.WorkSync.apply(WorkSync.java:91)
	at org.neo4j.kernel.impl.transaction.command.IndexBatchTransactionApplier.applyPendingLabelAndIndexUpdates(IndexBatchTransactionApplier.java:108)
	... 44 more
Caused by: org.neo4j.kernel.impl.store.UnderlyingStorageException: java.nio.file.NoSuchFileException: /Users/admin/shu/ruby/projects/test_for_git/campus_for_git/helloHeroku/campus/campusmap/db/neo4j/development/data/databases/graph.db/schema/index/lucene/1/1/write.lock
	at org.neo4j.kernel.impl.transaction.command.IndexUpdatesWork.apply(IndexUpdatesWork.java:68)
	at org.neo4j.kernel.impl.transaction.command.IndexUpdatesWork.apply(IndexUpdatesWork.java:43)
	at org.neo4j.concurrent.WorkSync.doSynchronizedWork(WorkSync.java:184)
	at org.neo4j.concurrent.WorkSync.tryDoWork(WorkSync.java:110)
	... 46 more
Caused by: java.nio.file.NoSuchFileException: /Users/admin/shu/ruby/projects/test_for_git/campus_for_git/helloHeroku/campus/campusmap/db/neo4j/development/data/databases/graph.db/schema/index/lucene/1/1/write.lock
	at sun.nio.fs.UnixException.translateToIOException(UnixException.java:86)
	at sun.nio.fs.UnixException.rethrowAsIOException(UnixException.java:102)
	at sun.nio.fs.UnixException.rethrowAsIOException(UnixException.java:107)
	at sun.nio.fs.UnixFileAttributeViews$Basic.readAttributes(UnixFileAttributeViews.java:55)
	at sun.nio.fs.UnixFileSystemProvider.readAttributes(UnixFileSystemProvider.java:144)
	at java.nio.file.Files.readAttributes(Files.java:1737)
	at org.apache.lucene.store.NativeFSLockFactory$NativeFSLock.ensureValid(NativeFSLockFactory.java:177)
	at org.apache.lucene.store.LockValidatingDirectoryWrapper.createOutput(LockValidatingDirectoryWrapper.java:43)
	at org.apache.lucene.store.TrackingDirectoryWrapper.createOutput(TrackingDirectoryWrapper.java:43)
	at org.apache.lucene.codecs.compressing.CompressingStoredFieldsWriter.<init>(CompressingStoredFieldsWriter.java:108)
	at org.apache.lucene.codecs.compressing.CompressingStoredFieldsFormat.fieldsWriter(CompressingStoredFieldsFormat.java:128)
	at org.apache.lucene.codecs.lucene50.Lucene50StoredFieldsFormat.fieldsWriter(Lucene50StoredFieldsFormat.java:183)
	at org.apache.lucene.index.DefaultIndexingChain.initStoredFieldsWriter(DefaultIndexingChain.java:81)
	at org.apache.lucene.index.DefaultIndexingChain.startStoredFields(DefaultIndexingChain.java:279)
	at org.apache.lucene.index.DefaultIndexingChain.processDocument(DefaultIndexingChain.java:316)
	at org.apache.lucene.index.DocumentsWriterPerThread.updateDocument(DocumentsWriterPerThread.java:234)
	at org.apache.lucene.index.DocumentsWriter.updateDocument(DocumentsWriter.java:450)
	at org.apache.lucene.index.IndexWriter.updateDocument(IndexWriter.java:1477)
	at org.neo4j.kernel.api.impl.schema.writer.PartitionedIndexWriter.updateDocument(PartitionedIndexWriter.java:73)
	at org.neo4j.kernel.api.impl.schema.LuceneIndexAccessor$LuceneIndexUpdater.addRecovered(LuceneIndexAccessor.java:188)
	at org.neo4j.kernel.api.impl.schema.LuceneIndexAccessor$LuceneIndexUpdater.process(LuceneIndexAccessor.java:151)
	at org.neo4j.kernel.impl.api.index.updater.UpdateCountingIndexUpdater.process(UpdateCountingIndexUpdater.java:47)
	at org.neo4j.kernel.impl.api.index.updater.DelegatingIndexUpdater.process(DelegatingIndexUpdater.java:41)
	at org.neo4j.kernel.impl.api.index.updater.DelegatingIndexUpdater.process(DelegatingIndexUpdater.java:41)
	at org.neo4j.kernel.impl.api.index.IndexingService.processUpdate(IndexingService.java:556)
	at org.neo4j.kernel.impl.api.index.IndexingService.apply(IndexingService.java:442)
	at org.neo4j.kernel.impl.api.index.IndexingService.apply(IndexingService.java:426)
	at org.neo4j.kernel.impl.transaction.command.IndexUpdatesWork.apply(IndexUpdatesWork.java:64)
	... 49 more
	Suppressed: org.apache.lucene.store.AlreadyClosedException: this IndexWriter is closed
		at org.apache.lucene.index.IndexWriter.ensureOpen(IndexWriter.java:720)
		at org.apache.lucene.index.IndexWriter.ensureOpen(IndexWriter.java:734)
		at org.apache.lucene.index.IndexWriter.nrtIsCurrent(IndexWriter.java:4591)
		at org.apache.lucene.index.StandardDirectoryReader.doOpenFromWriter(StandardDirectoryReader.java:282)
		at org.apache.lucene.index.StandardDirectoryReader.doOpenIfChanged(StandardDirectoryReader.java:261)
		at org.apache.lucene.index.StandardDirectoryReader.doOpenIfChanged(StandardDirectoryReader.java:251)
		at org.apache.lucene.index.DirectoryReader.openIfChanged(DirectoryReader.java:137)
		at org.apache.lucene.search.SearcherManager.refreshIfNeeded(SearcherManager.java:154)
		at org.apache.lucene.search.SearcherManager.refreshIfNeeded(SearcherManager.java:58)
		at org.apache.lucene.search.ReferenceManager.doMaybeRefresh(ReferenceManager.java:176)
		at org.apache.lucene.search.ReferenceManager.maybeRefreshBlocking(ReferenceManager.java:253)
		at org.neo4j.kernel.api.impl.index.partition.WritableIndexPartition.maybeRefreshBlocking(WritableIndexPartition.java:76)
		at org.neo4j.kernel.api.impl.index.AbstractLuceneIndex.maybeRefreshPartition(AbstractLuceneIndex.java:309)
		at java.util.stream.ForEachOps$ForEachOp$OfRef.accept(ForEachOps.java:184)
		at java.util.Spliterators$ArraySpliterator.forEachRemaining(Spliterators.java:948)
		at java.util.stream.AbstractPipeline.copyInto(AbstractPipeline.java:481)
		at java.util.stream.ForEachOps$ForEachTask.compute(ForEachOps.java:291)
		at java.util.concurrent.CountedCompleter.exec(CountedCompleter.java:731)
		at java.util.concurrent.ForkJoinTask.doExec(ForkJoinTask.java:289)
		at java.util.concurrent.ForkJoinTask.doInvoke(ForkJoinTask.java:401)
		at java.util.concurrent.ForkJoinTask.invoke(ForkJoinTask.java:734)
		at java.util.stream.ForEachOps$ForEachOp.evaluateParallel(ForEachOps.java:160)
		at java.util.stream.ForEachOps$ForEachOp$OfRef.evaluateParallel(ForEachOps.java:174)
		at java.util.stream.AbstractPipeline.evaluate(AbstractPipeline.java:233)
		at java.util.stream.ReferencePipeline.forEach(ReferencePipeline.java:418)
		at java.util.stream.ReferencePipeline$Head.forEach(ReferencePipeline.java:583)
		at org.neo4j.kernel.api.impl.index.AbstractLuceneIndex.maybeRefreshBlocking(AbstractLuceneIndex.java:297)
		at org.neo4j.kernel.api.impl.index.WritableAbstractDatabaseIndex.maybeRefreshBlocking(WritableAbstractDatabaseIndex.java:184)
		at org.neo4j.kernel.api.impl.schema.LuceneIndexAccessor$LuceneIndexUpdater.close(LuceneIndexAccessor.java:172)
		at org.neo4j.kernel.impl.api.index.updater.UpdateCountingIndexUpdater.close(UpdateCountingIndexUpdater.java:54)
		at org.neo4j.kernel.impl.api.index.FlippableIndexProxy$LockingIndexUpdater.close(FlippableIndexProxy.java:459)
		at org.neo4j.kernel.impl.api.index.ContractCheckingIndexProxy$1.close(ContractCheckingIndexProxy.java:106)
		at org.neo4j.kernel.impl.api.index.IndexUpdaterMap.close(IndexUpdaterMap.java:86)
		at org.neo4j.kernel.impl.api.index.IndexingService.apply(IndexingService.java:444)
		... 51 more
	[CIRCULAR REFERENCE:java.nio.file.NoSuchFileException: /Users/admin/shu/ruby/projects/test_for_git/campus_for_git/helloHeroku/campus/campusmap/db/neo4j/development/data/databases/graph.db/schema/index/lucene/1/1/write.lock]
2017-11-08 06:51:55.690+0000 INFO  Neo4j Server shutdown initiated by request
2017-11-08 06:51:55.734+0000 INFO  Stopping...
2017-11-08 06:51:55.797+0000 INFO  Stopped.
2017-11-08 06:52:02.669+0000 INFO  ======== Neo4j 3.2.6 ========
2017-11-08 06:52:02.735+0000 INFO  Starting...
2017-11-08 06:52:09.176+0000 INFO  Bolt enabled on localhost:7472.
2017-11-08 06:52:19.891+0000 INFO  Started.
2017-11-08 06:52:21.269+0000 INFO  Remote interface available at http://localhost:7474/
